C:\Users\hl\Desktop\ConsoleCloth\_BulletDynamic\Debug\_BulletDynamic.vcxprojResolveAssemblyReference.cache
C:\Users\hl\Desktop\ConsoleCloth\_BulletDynamic\Debug\_BulletDynamic.write.1.tlog
C:\USERS\HL\DESKTOP\CONSOLECLOTH\_BULLETDYNAMIC\DEBUG\BTACTIVATINGCOLLISIONALGORITHM.OBJ
C:\USERS\HL\DESKTOP\CONSOLECLOTH\_BULLETDYNAMIC\DEBUG\BTALIGNEDALLOCATOR.OBJ
C:\USERS\HL\DESKTOP\CONSOLECLOTH\_BULLETDYNAMIC\DEBUG\BTAXISSWEEP3.OBJ
C:\USERS\HL\DESKTOP\CONSOLECLOTH\_BULLETDYNAMIC\DEBUG\BTBOX2DBOX2DCOLLISIONALGORITHM.OBJ
C:\USERS\HL\DESKTOP\CONSOLECLOTH\_BULLETDYNAMIC\DEBUG\BTBOX2DSHAPE.OBJ
C:\USERS\HL\DESKTOP\CONSOLECLOTH\_BULLETDYNAMIC\DEBUG\BTBOXBOXCOLLISIONALGORITHM.OBJ
C:\USERS\HL\DESKTOP\CONSOLECLOTH\_BULLETDYNAMIC\DEBUG\BTBOXBOXDETECTOR.OBJ
C:\USERS\HL\DESKTOP\CONSOLECLOTH\_BULLETDYNAMIC\DEBUG\BTBOXSHAPE.OBJ
C:\USERS\HL\DESKTOP\CONSOLECLOTH\_BULLETDYNAMIC\DEBUG\BTBROADPHASEPROXY.OBJ
C:\USERS\HL\DESKTOP\CONSOLECLOTH\_BULLETDYNAMIC\DEBUG\BTBVHTRIANGLEMESHSHAPE.OBJ
C:\USERS\HL\DESKTOP\CONSOLECLOTH\_BULLETDYNAMIC\DEBUG\BTCAPSULESHAPE.OBJ
C:\USERS\HL\DESKTOP\CONSOLECLOTH\_BULLETDYNAMIC\DEBUG\BTCOLLISIONALGORITHM.OBJ
C:\USERS\HL\DESKTOP\CONSOLECLOTH\_BULLETDYNAMIC\DEBUG\BTCOLLISIONDISPATCHER.OBJ
C:\USERS\HL\DESKTOP\CONSOLECLOTH\_BULLETDYNAMIC\DEBUG\BTCOLLISIONOBJECT.OBJ
C:\USERS\HL\DESKTOP\CONSOLECLOTH\_BULLETDYNAMIC\DEBUG\BTCOLLISIONSHAPE.OBJ
C:\USERS\HL\DESKTOP\CONSOLECLOTH\_BULLETDYNAMIC\DEBUG\BTCOLLISIONWORLD.OBJ
C:\USERS\HL\DESKTOP\CONSOLECLOTH\_BULLETDYNAMIC\DEBUG\BTCOMPOUNDCOLLISIONALGORITHM.OBJ
C:\USERS\HL\DESKTOP\CONSOLECLOTH\_BULLETDYNAMIC\DEBUG\BTCOMPOUNDCOMPOUNDCOLLISIONALGORITHM.OBJ
C:\USERS\HL\DESKTOP\CONSOLECLOTH\_BULLETDYNAMIC\DEBUG\BTCOMPOUNDSHAPE.OBJ
C:\USERS\HL\DESKTOP\CONSOLECLOTH\_BULLETDYNAMIC\DEBUG\BTCONCAVESHAPE.OBJ
C:\USERS\HL\DESKTOP\CONSOLECLOTH\_BULLETDYNAMIC\DEBUG\BTCONESHAPE.OBJ
C:\USERS\HL\DESKTOP\CONSOLECLOTH\_BULLETDYNAMIC\DEBUG\BTCONETWISTCONSTRAINT.OBJ
C:\USERS\HL\DESKTOP\CONSOLECLOTH\_BULLETDYNAMIC\DEBUG\BTCONTACTCONSTRAINT.OBJ
C:\USERS\HL\DESKTOP\CONSOLECLOTH\_BULLETDYNAMIC\DEBUG\BTCONTACTPROCESSING.OBJ
C:\USERS\HL\DESKTOP\CONSOLECLOTH\_BULLETDYNAMIC\DEBUG\BTCONTINUOUSCONVEXCOLLISION.OBJ
C:\USERS\HL\DESKTOP\CONSOLECLOTH\_BULLETDYNAMIC\DEBUG\BTCONVEX2DCONVEX2DALGORITHM.OBJ
C:\USERS\HL\DESKTOP\CONSOLECLOTH\_BULLETDYNAMIC\DEBUG\BTCONVEX2DSHAPE.OBJ
C:\USERS\HL\DESKTOP\CONSOLECLOTH\_BULLETDYNAMIC\DEBUG\BTCONVEXCAST.OBJ
C:\USERS\HL\DESKTOP\CONSOLECLOTH\_BULLETDYNAMIC\DEBUG\BTCONVEXCONCAVECOLLISIONALGORITHM.OBJ
C:\USERS\HL\DESKTOP\CONSOLECLOTH\_BULLETDYNAMIC\DEBUG\BTCONVEXCONVEXALGORITHM.OBJ
C:\USERS\HL\DESKTOP\CONSOLECLOTH\_BULLETDYNAMIC\DEBUG\BTCONVEXHULL.OBJ
C:\USERS\HL\DESKTOP\CONSOLECLOTH\_BULLETDYNAMIC\DEBUG\BTCONVEXHULLCOMPUTER.OBJ
C:\USERS\HL\DESKTOP\CONSOLECLOTH\_BULLETDYNAMIC\DEBUG\BTCONVEXHULLSHAPE.OBJ
C:\USERS\HL\DESKTOP\CONSOLECLOTH\_BULLETDYNAMIC\DEBUG\BTCONVEXINTERNALSHAPE.OBJ
C:\USERS\HL\DESKTOP\CONSOLECLOTH\_BULLETDYNAMIC\DEBUG\BTCONVEXPLANECOLLISIONALGORITHM.OBJ
C:\USERS\HL\DESKTOP\CONSOLECLOTH\_BULLETDYNAMIC\DEBUG\BTCONVEXPOINTCLOUDSHAPE.OBJ
C:\USERS\HL\DESKTOP\CONSOLECLOTH\_BULLETDYNAMIC\DEBUG\BTCONVEXPOLYHEDRON.OBJ
C:\USERS\HL\DESKTOP\CONSOLECLOTH\_BULLETDYNAMIC\DEBUG\BTCONVEXSHAPE.OBJ
C:\USERS\HL\DESKTOP\CONSOLECLOTH\_BULLETDYNAMIC\DEBUG\BTCONVEXTRIANGLEMESHSHAPE.OBJ
C:\USERS\HL\DESKTOP\CONSOLECLOTH\_BULLETDYNAMIC\DEBUG\BTCYLINDERSHAPE.OBJ
C:\USERS\HL\DESKTOP\CONSOLECLOTH\_BULLETDYNAMIC\DEBUG\BTDANTZIGLCP.OBJ
C:\USERS\HL\DESKTOP\CONSOLECLOTH\_BULLETDYNAMIC\DEBUG\BTDBVT.OBJ
C:\USERS\HL\DESKTOP\CONSOLECLOTH\_BULLETDYNAMIC\DEBUG\BTDBVTBROADPHASE.OBJ
C:\USERS\HL\DESKTOP\CONSOLECLOTH\_BULLETDYNAMIC\DEBUG\BTDEFAULTCOLLISIONCONFIGURATION.OBJ
C:\USERS\HL\DESKTOP\CONSOLECLOTH\_BULLETDYNAMIC\DEBUG\BTDEFAULTSOFTBODYSOLVER.OBJ
C:\USERS\HL\DESKTOP\CONSOLECLOTH\_BULLETDYNAMIC\DEBUG\BTDISCRETEDYNAMICSWORLD.OBJ
C:\USERS\HL\DESKTOP\CONSOLECLOTH\_BULLETDYNAMIC\DEBUG\BTDISPATCHER.OBJ
C:\USERS\HL\DESKTOP\CONSOLECLOTH\_BULLETDYNAMIC\DEBUG\BTEMPTYCOLLISIONALGORITHM.OBJ
C:\USERS\HL\DESKTOP\CONSOLECLOTH\_BULLETDYNAMIC\DEBUG\BTEMPTYSHAPE.OBJ
C:\USERS\HL\DESKTOP\CONSOLECLOTH\_BULLETDYNAMIC\DEBUG\BTFIXEDCONSTRAINT.OBJ
C:\USERS\HL\DESKTOP\CONSOLECLOTH\_BULLETDYNAMIC\DEBUG\BTGEARCONSTRAINT.OBJ
C:\USERS\HL\DESKTOP\CONSOLECLOTH\_BULLETDYNAMIC\DEBUG\BTGENERIC6DOFCONSTRAINT.OBJ
C:\USERS\HL\DESKTOP\CONSOLECLOTH\_BULLETDYNAMIC\DEBUG\BTGENERIC6DOFSPRINGCONSTRAINT.OBJ
C:\USERS\HL\DESKTOP\CONSOLECLOTH\_BULLETDYNAMIC\DEBUG\BTGENERICPOOLALLOCATOR.OBJ
C:\USERS\HL\DESKTOP\CONSOLECLOTH\_BULLETDYNAMIC\DEBUG\BTGEOMETRYUTIL.OBJ
C:\USERS\HL\DESKTOP\CONSOLECLOTH\_BULLETDYNAMIC\DEBUG\BTGHOSTOBJECT.OBJ
C:\USERS\HL\DESKTOP\CONSOLECLOTH\_BULLETDYNAMIC\DEBUG\BTGIMPACTBVH.OBJ
C:\USERS\HL\DESKTOP\CONSOLECLOTH\_BULLETDYNAMIC\DEBUG\BTGIMPACTCOLLISIONALGORITHM.OBJ
C:\USERS\HL\DESKTOP\CONSOLECLOTH\_BULLETDYNAMIC\DEBUG\BTGIMPACTQUANTIZEDBVH.OBJ
C:\USERS\HL\DESKTOP\CONSOLECLOTH\_BULLETDYNAMIC\DEBUG\BTGIMPACTSHAPE.OBJ
C:\USERS\HL\DESKTOP\CONSOLECLOTH\_BULLETDYNAMIC\DEBUG\BTGJKCONVEXCAST.OBJ
C:\USERS\HL\DESKTOP\CONSOLECLOTH\_BULLETDYNAMIC\DEBUG\BTGJKEPA2.OBJ
C:\USERS\HL\DESKTOP\CONSOLECLOTH\_BULLETDYNAMIC\DEBUG\BTGJKEPAPENETRATIONDEPTHSOLVER.OBJ
C:\USERS\HL\DESKTOP\CONSOLECLOTH\_BULLETDYNAMIC\DEBUG\BTGJKPAIRDETECTOR.OBJ
C:\USERS\HL\DESKTOP\CONSOLECLOTH\_BULLETDYNAMIC\DEBUG\BTHASHEDSIMPLEPAIRCACHE.OBJ
C:\USERS\HL\DESKTOP\CONSOLECLOTH\_BULLETDYNAMIC\DEBUG\BTHEIGHTFIELDTERRAINSHAPE.OBJ
C:\USERS\HL\DESKTOP\CONSOLECLOTH\_BULLETDYNAMIC\DEBUG\BTHINGE2CONSTRAINT.OBJ
C:\USERS\HL\DESKTOP\CONSOLECLOTH\_BULLETDYNAMIC\DEBUG\BTHINGECONSTRAINT.OBJ
C:\USERS\HL\DESKTOP\CONSOLECLOTH\_BULLETDYNAMIC\DEBUG\BTINTERNALEDGEUTILITY.OBJ
C:\USERS\HL\DESKTOP\CONSOLECLOTH\_BULLETDYNAMIC\DEBUG\BTKINEMATICCHARACTERCONTROLLER.OBJ
C:\USERS\HL\DESKTOP\CONSOLECLOTH\_BULLETDYNAMIC\DEBUG\BTMANIFOLDRESULT.OBJ
C:\USERS\HL\DESKTOP\CONSOLECLOTH\_BULLETDYNAMIC\DEBUG\BTMINKOWSKIPENETRATIONDEPTHSOLVER.OBJ
C:\USERS\HL\DESKTOP\CONSOLECLOTH\_BULLETDYNAMIC\DEBUG\BTMINKOWSKISUMSHAPE.OBJ
C:\USERS\HL\DESKTOP\CONSOLECLOTH\_BULLETDYNAMIC\DEBUG\BTMLCPSOLVER.OBJ
C:\USERS\HL\DESKTOP\CONSOLECLOTH\_BULLETDYNAMIC\DEBUG\BTMULTIBODY.OBJ
C:\USERS\HL\DESKTOP\CONSOLECLOTH\_BULLETDYNAMIC\DEBUG\BTMULTIBODYCONSTRAINT.OBJ
C:\USERS\HL\DESKTOP\CONSOLECLOTH\_BULLETDYNAMIC\DEBUG\BTMULTIBODYCONSTRAINTSOLVER.OBJ
C:\USERS\HL\DESKTOP\CONSOLECLOTH\_BULLETDYNAMIC\DEBUG\BTMULTIBODYDYNAMICSWORLD.OBJ
C:\USERS\HL\DESKTOP\CONSOLECLOTH\_BULLETDYNAMIC\DEBUG\BTMULTIBODYJOINTLIMITCONSTRAINT.OBJ
C:\USERS\HL\DESKTOP\CONSOLECLOTH\_BULLETDYNAMIC\DEBUG\BTMULTIBODYJOINTMOTOR.OBJ
C:\USERS\HL\DESKTOP\CONSOLECLOTH\_BULLETDYNAMIC\DEBUG\BTMULTIBODYPOINT2POINT.OBJ
C:\USERS\HL\DESKTOP\CONSOLECLOTH\_BULLETDYNAMIC\DEBUG\BTMULTIMATERIALTRIANGLEMESHSHAPE.OBJ
C:\USERS\HL\DESKTOP\CONSOLECLOTH\_BULLETDYNAMIC\DEBUG\BTMULTISAPBROADPHASE.OBJ
C:\USERS\HL\DESKTOP\CONSOLECLOTH\_BULLETDYNAMIC\DEBUG\BTMULTISPHERESHAPE.OBJ
C:\USERS\HL\DESKTOP\CONSOLECLOTH\_BULLETDYNAMIC\DEBUG\BTOPTIMIZEDBVH.OBJ
C:\USERS\HL\DESKTOP\CONSOLECLOTH\_BULLETDYNAMIC\DEBUG\BTOVERLAPPINGPAIRCACHE.OBJ
C:\USERS\HL\DESKTOP\CONSOLECLOTH\_BULLETDYNAMIC\DEBUG\BTPERSISTENTMANIFOLD.OBJ
C:\USERS\HL\DESKTOP\CONSOLECLOTH\_BULLETDYNAMIC\DEBUG\BTPOINT2POINTCONSTRAINT.OBJ
C:\USERS\HL\DESKTOP\CONSOLECLOTH\_BULLETDYNAMIC\DEBUG\BTPOLARDECOMPOSITION.OBJ
C:\USERS\HL\DESKTOP\CONSOLECLOTH\_BULLETDYNAMIC\DEBUG\BTPOLYHEDRALCONTACTCLIPPING.OBJ
C:\USERS\HL\DESKTOP\CONSOLECLOTH\_BULLETDYNAMIC\DEBUG\BTPOLYHEDRALCONVEXSHAPE.OBJ
C:\USERS\HL\DESKTOP\CONSOLECLOTH\_BULLETDYNAMIC\DEBUG\BTQUANTIZEDBVH.OBJ
C:\USERS\HL\DESKTOP\CONSOLECLOTH\_BULLETDYNAMIC\DEBUG\BTQUICKPROF.OBJ
C:\USERS\HL\DESKTOP\CONSOLECLOTH\_BULLETDYNAMIC\DEBUG\BTRAYCASTCALLBACK.OBJ
C:\USERS\HL\DESKTOP\CONSOLECLOTH\_BULLETDYNAMIC\DEBUG\BTRAYCASTVEHICLE.OBJ
C:\USERS\HL\DESKTOP\CONSOLECLOTH\_BULLETDYNAMIC\DEBUG\BTRIGIDBODY.OBJ
C:\USERS\HL\DESKTOP\CONSOLECLOTH\_BULLETDYNAMIC\DEBUG\BTSCALEDBVHTRIANGLEMESHSHAPE.OBJ
C:\USERS\HL\DESKTOP\CONSOLECLOTH\_BULLETDYNAMIC\DEBUG\BTSEQUENTIALIMPULSECONSTRAINTSOLVER.OBJ
C:\USERS\HL\DESKTOP\CONSOLECLOTH\_BULLETDYNAMIC\DEBUG\BTSERIALIZER.OBJ
C:\USERS\HL\DESKTOP\CONSOLECLOTH\_BULLETDYNAMIC\DEBUG\BTSHAPEHULL.OBJ
C:\USERS\HL\DESKTOP\CONSOLECLOTH\_BULLETDYNAMIC\DEBUG\BTSIMPLEBROADPHASE.OBJ
C:\USERS\HL\DESKTOP\CONSOLECLOTH\_BULLETDYNAMIC\DEBUG\BTSIMPLEDYNAMICSWORLD.OBJ
C:\USERS\HL\DESKTOP\CONSOLECLOTH\_BULLETDYNAMIC\DEBUG\BTSIMULATIONISLANDMANAGER.OBJ
C:\USERS\HL\DESKTOP\CONSOLECLOTH\_BULLETDYNAMIC\DEBUG\BTSLIDERCONSTRAINT.OBJ
C:\USERS\HL\DESKTOP\CONSOLECLOTH\_BULLETDYNAMIC\DEBUG\BTSOFTBODY.OBJ
C:\USERS\HL\DESKTOP\CONSOLECLOTH\_BULLETDYNAMIC\DEBUG\BTSOFTBODYCONCAVECOLLISIONALGORITHM.OBJ
C:\USERS\HL\DESKTOP\CONSOLECLOTH\_BULLETDYNAMIC\DEBUG\BTSOFTBODYHELPERS.OBJ
C:\USERS\HL\DESKTOP\CONSOLECLOTH\_BULLETDYNAMIC\DEBUG\BTSOFTBODYRIGIDBODYCOLLISIONCONFIGURATION.OBJ
C:\USERS\HL\DESKTOP\CONSOLECLOTH\_BULLETDYNAMIC\DEBUG\BTSOFTRIGIDCOLLISIONALGORITHM.OBJ
C:\USERS\HL\DESKTOP\CONSOLECLOTH\_BULLETDYNAMIC\DEBUG\BTSOFTRIGIDDYNAMICSWORLD.OBJ
C:\USERS\HL\DESKTOP\CONSOLECLOTH\_BULLETDYNAMIC\DEBUG\BTSOFTSOFTCOLLISIONALGORITHM.OBJ
C:\USERS\HL\DESKTOP\CONSOLECLOTH\_BULLETDYNAMIC\DEBUG\BTSOLVE2LINEARCONSTRAINT.OBJ
C:\USERS\HL\DESKTOP\CONSOLECLOTH\_BULLETDYNAMIC\DEBUG\BTSPHEREBOXCOLLISIONALGORITHM.OBJ
C:\USERS\HL\DESKTOP\CONSOLECLOTH\_BULLETDYNAMIC\DEBUG\BTSPHERESHAPE.OBJ
C:\USERS\HL\DESKTOP\CONSOLECLOTH\_BULLETDYNAMIC\DEBUG\BTSPHERESPHERECOLLISIONALGORITHM.OBJ
C:\USERS\HL\DESKTOP\CONSOLECLOTH\_BULLETDYNAMIC\DEBUG\BTSPHERETRIANGLECOLLISIONALGORITHM.OBJ
C:\USERS\HL\DESKTOP\CONSOLECLOTH\_BULLETDYNAMIC\DEBUG\BTSTATICPLANESHAPE.OBJ
C:\USERS\HL\DESKTOP\CONSOLECLOTH\_BULLETDYNAMIC\DEBUG\BTSTRIDINGMESHINTERFACE.OBJ
C:\USERS\HL\DESKTOP\CONSOLECLOTH\_BULLETDYNAMIC\DEBUG\BTSUBSIMPLEXCONVEXCAST.OBJ
C:\USERS\HL\DESKTOP\CONSOLECLOTH\_BULLETDYNAMIC\DEBUG\BTTETRAHEDRONSHAPE.OBJ
C:\USERS\HL\DESKTOP\CONSOLECLOTH\_BULLETDYNAMIC\DEBUG\BTTRIANGLEBUFFER.OBJ
C:\USERS\HL\DESKTOP\CONSOLECLOTH\_BULLETDYNAMIC\DEBUG\BTTRIANGLECALLBACK.OBJ
C:\USERS\HL\DESKTOP\CONSOLECLOTH\_BULLETDYNAMIC\DEBUG\BTTRIANGLEINDEXVERTEXARRAY.OBJ
C:\USERS\HL\DESKTOP\CONSOLECLOTH\_BULLETDYNAMIC\DEBUG\BTTRIANGLEINDEXVERTEXMATERIALARRAY.OBJ
C:\USERS\HL\DESKTOP\CONSOLECLOTH\_BULLETDYNAMIC\DEBUG\BTTRIANGLEMESH.OBJ
C:\USERS\HL\DESKTOP\CONSOLECLOTH\_BULLETDYNAMIC\DEBUG\BTTRIANGLEMESHSHAPE.OBJ
C:\USERS\HL\DESKTOP\CONSOLECLOTH\_BULLETDYNAMIC\DEBUG\BTTRIANGLESHAPEEX.OBJ
C:\USERS\HL\DESKTOP\CONSOLECLOTH\_BULLETDYNAMIC\DEBUG\BTTYPEDCONSTRAINT.OBJ
C:\USERS\HL\DESKTOP\CONSOLECLOTH\_BULLETDYNAMIC\DEBUG\BTUNIFORMSCALINGSHAPE.OBJ
C:\USERS\HL\DESKTOP\CONSOLECLOTH\_BULLETDYNAMIC\DEBUG\BTUNIONFIND.OBJ
C:\USERS\HL\DESKTOP\CONSOLECLOTH\_BULLETDYNAMIC\DEBUG\BTUNIVERSALCONSTRAINT.OBJ
C:\USERS\HL\DESKTOP\CONSOLECLOTH\_BULLETDYNAMIC\DEBUG\BTVECTOR3.OBJ
C:\USERS\HL\DESKTOP\CONSOLECLOTH\_BULLETDYNAMIC\DEBUG\BTVORONOISIMPLEXSOLVER.OBJ
C:\USERS\HL\DESKTOP\CONSOLECLOTH\_BULLETDYNAMIC\DEBUG\BTWHEELINFO.OBJ
C:\USERS\HL\DESKTOP\CONSOLECLOTH\_BULLETDYNAMIC\DEBUG\BULLET-C-API.OBJ
C:\Users\hl\Desktop\ConsoleCloth\_BulletDynamic\Debug\cl.command.1.tlog
C:\Users\hl\Desktop\ConsoleCloth\_BulletDynamic\Debug\CL.read.1.tlog
C:\Users\hl\Desktop\ConsoleCloth\_BulletDynamic\Debug\CL.write.1.tlog
C:\USERS\HL\DESKTOP\CONSOLECLOTH\_BULLETDYNAMIC\DEBUG\GIM_BOX_SET.OBJ
C:\USERS\HL\DESKTOP\CONSOLECLOTH\_BULLETDYNAMIC\DEBUG\GIM_CONTACT.OBJ
C:\USERS\HL\DESKTOP\CONSOLECLOTH\_BULLETDYNAMIC\DEBUG\GIM_MEMORY.OBJ
C:\USERS\HL\DESKTOP\CONSOLECLOTH\_BULLETDYNAMIC\DEBUG\GIM_TRI_COLLISION.OBJ
C:\Users\hl\Desktop\ConsoleCloth\_BulletDynamic\Debug\lib.command.1.tlog
C:\Users\hl\Desktop\ConsoleCloth\_BulletDynamic\Debug\Lib-link.read.1.tlog
C:\Users\hl\Desktop\ConsoleCloth\_BulletDynamic\Debug\Lib-link.write.1.tlog
C:\USERS\HL\DESKTOP\CONSOLECLOTH\_BULLETDYNAMIC\DEBUG\SPHERETRIANGLEDETECTOR.OBJ
C:\Users\hl\Desktop\ConsoleCloth\_BulletDynamic\Debug\vc100.idb
C:\USERS\HL\DESKTOP\CONSOLECLOTH\_BULLETDYNAMIC\DEBUG\VC100.PDB
C:\USERS\HL\DESKTOP\CONSOLECLOTH\DEBUG\_BULLETDYNAMIC.LIB
