C:\Users\hl\Desktop\ConsoleCloth\\lib\_VegaGraphicd.lib
C:\Users\hl\Desktop\ConsoleCloth\_VegaGraphic\Debug\_VegaGraphic.write.1.tlog
C:\USERS\HL\DESKTOP\CONSOLECLOTH\_VEGAGRAPHIC\DEBUG\CAMERA.OBJ
C:\Users\hl\Desktop\ConsoleCloth\_VegaGraphic\Debug\cl.command.1.tlog
C:\Users\hl\Desktop\ConsoleCloth\_VegaGraphic\Debug\CL.read.1.tlog
C:\Users\hl\Desktop\ConsoleCloth\_VegaGraphic\Debug\CL.write.1.tlog
C:\USERS\HL\DESKTOP\CONSOLECLOTH\_VEGAGRAPHIC\DEBUG\EIG3.OBJ
C:\USERS\HL\DESKTOP\CONSOLECLOTH\_VEGAGRAPHIC\DEBUG\IMAGEIO.OBJ
C:\Users\hl\Desktop\ConsoleCloth\_VegaGraphic\Debug\lib.command.1.tlog
C:\Users\hl\Desktop\ConsoleCloth\_VegaGraphic\Debug\Lib-link.read.1.tlog
C:\Users\hl\Desktop\ConsoleCloth\_VegaGraphic\Debug\Lib-link.write.1.tlog
C:\USERS\HL\DESKTOP\CONSOLECLOTH\_VEGAGRAPHIC\DEBUG\LIGHTING.OBJ
C:\USERS\HL\DESKTOP\CONSOLECLOTH\_VEGAGRAPHIC\DEBUG\MAT3D.OBJ
C:\USERS\HL\DESKTOP\CONSOLECLOTH\_VEGAGRAPHIC\DEBUG\OBJMESH.OBJ
C:\USERS\HL\DESKTOP\CONSOLECLOTH\_VEGAGRAPHIC\DEBUG\OBJMESH-DISJOINTSET.OBJ
C:\USERS\HL\DESKTOP\CONSOLECLOTH\_VEGAGRAPHIC\DEBUG\OBJMESHENCODE.OBJ
C:\USERS\HL\DESKTOP\CONSOLECLOTH\_VEGAGRAPHIC\DEBUG\OBJMESHRENDER.OBJ
C:\USERS\HL\DESKTOP\CONSOLECLOTH\_VEGAGRAPHIC\DEBUG\SCENEOBJECT.OBJ
C:\USERS\HL\DESKTOP\CONSOLECLOTH\_VEGAGRAPHIC\DEBUG\SCENEOBJECTDEFORMABLE.OBJ
C:\USERS\HL\DESKTOP\CONSOLECLOTH\_VEGAGRAPHIC\DEBUG\SCENEOBJECTWITHRESTPOSITION.OBJ
C:\USERS\HL\DESKTOP\CONSOLECLOTH\_VEGAGRAPHIC\DEBUG\TETMESH.OBJ
C:\Users\hl\Desktop\ConsoleCloth\_VegaGraphic\Debug\vc100.idb
C:\USERS\HL\DESKTOP\CONSOLECLOTH\_VEGAGRAPHIC\DEBUG\VC100.PDB
C:\USERS\HL\DESKTOP\CONSOLECLOTH\_VEGAGRAPHIC\DEBUG\VEC2D.OBJ
C:\USERS\HL\DESKTOP\CONSOLECLOTH\_VEGAGRAPHIC\DEBUG\VEC3D.OBJ
C:\USERS\HL\DESKTOP\CONSOLECLOTH\_VEGAGRAPHIC\DEBUG\VOLUMETRICMESH.OBJ
C:\USERS\HL\DESKTOP\CONSOLECLOTH\_VEGAGRAPHIC\DEBUG\VOLUMETRICMESHENUMATERIAL.OBJ
C:\USERS\HL\DESKTOP\CONSOLECLOTH\_VEGAGRAPHIC\DEBUG\VOLUMETRICMESHLOADER.OBJ
C:\USERS\HL\DESKTOP\CONSOLECLOTH\_VEGAGRAPHIC\DEBUG\VOLUMETRICMESHMOONEYRIVLINMATERIAL.OBJ
C:\USERS\HL\DESKTOP\CONSOLECLOTH\_VEGAGRAPHIC\DEBUG\VOLUMETRICMESHORTHOTROPICMATERIAL.OBJ
C:\USERS\HL\DESKTOP\CONSOLECLOTH\_VEGAGRAPHIC\DEBUG\VOLUMETRICMESHPARSER.OBJ
C:\USERS\HL\DESKTOP\CONSOLECLOTH\LIB\_VEGAGRAPHICD.LIB
